# JRE version: OpenJDK Runtime Environment (8.0_152-b01) (build 1.8.0_152-release-915-b01)
# Java VM: OpenJDK 64-Bit Server VM (25.152-b01 mixed mode windows-amd64 compressed oops)
Heap:
 PSYoungGen      total 415232K, used 188273K [0x00000000e0000000, 0x00000000ff800000, 0x0000000100000000)
  eden space 319488K, 54% used [0x00000000e0000000,0x00000000eab08fc0,0x00000000f3800000)
  from space 95744K, 13% used [0x00000000f9a80000,0x00000000fa753518,0x00000000ff800000)
  to   space 98304K, 0% used [0x00000000f3800000,0x00000000f3800000,0x00000000f9800000)
 ParOldGen       total 401408K, used 183940K [0x00000000a0000000, 0x00000000b8800000, 0x00000000e0000000)
  object space 401408K, 45% used [0x00000000a0000000,0x00000000ab3a10f0,0x00000000b8800000)
 Metaspace       used 144554K, capacity 152776K, committed 152832K, reserved 1183744K
  class space    used 16802K, capacity 18673K, committed 18688K, reserved 1048576K
GC Heap History (10 events):
Event: 6619.602 GC heap before
{Heap before GC invocations=75 (full 11):
 PSYoungGen      total 325120K, used 324647K [0x00000000e0000000, 0x00000000fef00000, 0x0000000100000000)
  eden space 291840K, 100% used [0x00000000e0000000,0x00000000f1d00000,0x00000000f1d00000)
  from space 33280K, 98% used [0x00000000f1d00000,0x00000000f3d09cc8,0x00000000f3d80000)
  to   space 107520K, 0% used [0x00000000f8600000,0x00000000f8600000,0x00000000fef00000)
 ParOldGen       total 401408K, used 177278K [0x00000000a0000000, 0x00000000b8800000, 0x00000000e0000000)
  object space 401408K, 44% used [0x00000000a0000000,0x00000000aad1fac0,0x00000000b8800000)
 Metaspace       used 128780K, capacity 135574K, committed 138496K, reserved 1171456K
  class space    used 14780K, capacity 16301K, committed 16640K, reserved 1048576K
Event: 6619.629 GC heap after
Heap after GC invocations=75 (full 11):
 PSYoungGen      total 401408K, used 52640K [0x00000000e0000000, 0x0000000100000000, 0x0000000100000000)
  eden space 293888K, 0% used [0x00000000e0000000,0x00000000e0000000,0x00000000f1f00000)
  from space 107520K, 48% used [0x00000000f8600000,0x00000000fb9682e0,0x00000000fef00000)
  to   space 105472K, 0% used [0x00000000f1f00000,0x00000000f1f00000,0x00000000f8600000)
 ParOldGen       total 401408K, used 180590K [0x00000000a0000000, 0x00000000b8800000, 0x00000000e0000000)
  object space 401408K, 44% used [0x00000000a0000000,0x00000000ab05baf0,0x00000000b8800000)
 Metaspace       used 128780K, capacity 135574K, committed 138496K, reserved 1171456K
  class space    used 14780K, capacity 16301K, committed 16640K, reserved 1048576K
}
Event: 6624.078 GC heap before
{Heap before GC invocations=76 (full 11):
 PSYoungGen      total 401408K, used 345656K [0x00000000e0000000, 0x0000000100000000, 0x0000000100000000)
  eden space 293888K, 99% used [0x00000000e0000000,0x00000000f1e25f38,0x00000000f1f00000)
  from space 107520K, 48% used [0x00000000f8600000,0x00000000fb9682e0,0x00000000fef00000)
  to   space 105472K, 0% used [0x00000000f1f00000,0x00000000f1f00000,0x00000000f8600000)
 ParOldGen       total 401408K, used 180590K [0x00000000a0000000, 0x00000000b8800000, 0x00000000e0000000)
  object space 401408K, 44% used [0x00000000a0000000,0x00000000ab05baf0,0x00000000b8800000)
 Metaspace       used 128804K, capacity 135644K, committed 138496K, reserved 1171456K
  class space    used 14781K, capacity 16302K, committed 16640K, reserved 1048576K
Event: 6624.090 GC heap after
Heap after GC invocations=76 (full 11):
 PSYoungGen      total 399360K, used 19387K [0x00000000e0000000, 0x00000000ff900000, 0x0000000100000000)
  eden space 293888K, 0% used [0x00000000e0000000,0x00000000e0000000,0x00000000f1f00000)
  from space 105472K, 18% used [0x00000000f1f00000,0x00000000f31eefd0,0x00000000f8600000)
  to   space 102912K, 0% used [0x00000000f9480000,0x00000000f9480000,0x00000000ff900000)
 ParOldGen       total 401408K, used 180790K [0x00000000a0000000, 0x00000000b8800000, 0x00000000e0000000)
  object space 401408K, 45% used [0x00000000a0000000,0x00000000ab08daf0,0x00000000b8800000)
 Metaspace       used 128804K, capacity 135644K, committed 138496K, reserved 1171456K
  class space    used 14781K, capacity 16302K, committed 16640K, reserved 1048576K
}
Event: 6624.169 GC heap before
{Heap before GC invocations=77 (full 11):
 PSYoungGen      total 399360K, used 313220K [0x00000000e0000000, 0x00000000ff900000, 0x0000000100000000)
  eden space 293888K, 99% used [0x00000000e0000000,0x00000000f1ef2080,0x00000000f1f00000)
  from space 105472K, 18% used [0x00000000f1f00000,0x00000000f31eefd0,0x00000000f8600000)
  to   space 102912K, 0% used [0x00000000f9480000,0x00000000f9480000,0x00000000ff900000)
 ParOldGen       total 401408K, used 180790K [0x00000000a0000000, 0x00000000b8800000, 0x00000000e0000000)
  object space 401408K, 45% used [0x00000000a0000000,0x00000000ab08daf0,0x00000000b8800000)
 Metaspace       used 128804K, capacity 135644K, committed 138496K, reserved 1171456K
  class space    used 14781K, capacity 16302K, committed 16640K, reserved 1048576K
Event: 6624.177 GC heap after
Heap after GC invocations=77 (full 11):
 PSYoungGen      total 414208K, used 32K [0x00000000e0000000, 0x00000000ffd80000, 0x0000000100000000)
  eden space 311296K, 0% used [0x00000000e0000000,0x00000000e0000000,0x00000000f3000000)
  from space 102912K, 0% used [0x00000000f9480000,0x00000000f9488000,0x00000000ff900000)
  to   space 102912K, 0% used [0x00000000f3000000,0x00000000f3000000,0x00000000f9480000)
 ParOldGen       total 401408K, used 183561K [0x00000000a0000000, 0x00000000b8800000, 0x00000000e0000000)
  object space 401408K, 45% used [0x00000000a0000000,0x00000000ab342750,0x00000000b8800000)
 Metaspace       used 128804K, capacity 135644K, committed 138496K, reserved 1171456K
  class space    used 14781K, capacity 16302K, committed 16640K, reserved 1048576K
}
Event: 6625.105 GC heap before
{Heap before GC invocations=78 (full 11):
 PSYoungGen      total 414208K, used 311328K [0x00000000e0000000, 0x00000000ffd80000, 0x0000000100000000)
  eden space 311296K, 100% used [0x00000000e0000000,0x00000000f3000000,0x00000000f3000000)
  from space 102912K, 0% used [0x00000000f9480000,0x00000000f9488000,0x00000000ff900000)
  to   space 102912K, 0% used [0x00000000f3000000,0x00000000f3000000,0x00000000f9480000)
 ParOldGen       total 401408K, used 183561K [0x00000000a0000000, 0x00000000b8800000, 0x00000000e0000000)
  object space 401408K, 45% used [0x00000000a0000000,0x00000000ab342750,0x00000000b8800000)
 Metaspace       used 128858K, capacity 135668K, committed 138496K, reserved 1171456K
  class space    used 14785K, capacity 16308K, committed 16640K, reserved 1048576K
Event: 6625.121 GC heap after
Heap after GC invocations=78 (full 11):
 PSYoungGen      total 414208K, used 663K [0x00000000e0000000, 0x00000000ffe00000, 0x0000000100000000)
  eden space 311296K, 0% used [0x00000000e0000000,0x00000000e0000000,0x00000000f3000000)
  from space 102912K, 0% used [0x00000000f3000000,0x00000000f30a5f68,0x00000000f9480000)
  to   space 101888K, 0% used [0x00000000f9a80000,0x00000000f9a80000,0x00000000ffe00000)
 ParOldGen       total 401408K, used 183593K [0x00000000a0000000, 0x00000000b8800000, 0x00000000e0000000)
  object space 401408K, 45% used [0x00000000a0000000,0x00000000ab34a750,0x00000000b8800000)
 Metaspace       used 128858K, capacity 135668K, committed 138496K, reserved 1171456K
  class space    used 14785K, capacity 16308K, committed 16640K, reserved 1048576K
}
Event: 7785.827 GC heap before
{Heap before GC invocations=79 (full 11):
 PSYoungGen      total 414208K, used 311959K [0x00000000e0000000, 0x00000000ffe00000, 0x0000000100000000)
  eden space 311296K, 100% used [0x00000000e0000000,0x00000000f3000000,0x00000000f3000000)
  from space 102912K, 0% used [0x00000000f3000000,0x00000000f30a5f68,0x00000000f9480000)
  to   space 101888K, 0% used [0x00000000f9a80000,0x00000000f9a80000,0x00000000ffe00000)
 ParOldGen       total 401408K, used 183593K [0x00000000a0000000, 0x00000000b8800000, 0x00000000e0000000)
  object space 401408K, 45% used [0x00000000a0000000,0x00000000ab34a750,0x00000000b8800000)
 Metaspace       used 136833K, capacity 144044K, committed 144256K, reserved 1175552K
  class space    used 15820K, capacity 17535K, committed 17536K, reserved 1048576K
Event: 7785.862 GC heap after
Heap after GC invocations=79 (full 11):
 PSYoungGen      total 415232K, used 13133K [0x00000000e0000000, 0x00000000ff800000, 0x0000000100000000)
  eden space 319488K, 0% used [0x00000000e0000000,0x00000000e0000000,0x00000000f3800000)
  from space 95744K, 13% used [0x00000000f9a80000,0x00000000fa753518,0x00000000ff800000)
  to   space 98304K, 0% used [0x00000000f3800000,0x00000000f3800000,0x00000000f9800000)
 ParOldGen       total 401408K, used 183940K [0x00000000a0000000, 0x00000000b8800000, 0x00000000e0000000)
  object space 401408K, 45% used [0x00000000a0000000,0x00000000ab3a10f0,0x00000000b8800000)
 Metaspace       used 136833K, capacity 144044K, committed 144256K, reserved 1175552K
  class space    used 15820K, capacity 17535K, committed 17536K, reserved 1048576K
}

